<?xml version="1.0" encoding="UTF-8"?>
<!-- Generated by org.testng.reporters.JUnitXMLReporter -->
<testsuite ignored="2" hostname="DESKTOP-L03PUD3" failures="2" tests="2" name="FirefoxTest(failed)" time="0.404" errors="0" timestamp="2023-07-16T17:32:17 IST">
  <testcase classname="testNGTest.TestNGClass1" name="test1" time="0.135">
    <failure type="java.lang.NullPointerException" message="Cannot invoke &amp;quot;org.testng.asserts.SoftAssert.assertEquals(String, String)&amp;quot; because &amp;quot;this.soft&amp;quot; is null">
      <![CDATA[java.lang.NullPointerException: Cannot invoke "org.testng.asserts.SoftAssert.assertEquals(String, String)" because "this.soft" is null
at testNGTest.TestNGClass1.test1(TestNGClass1.java:34)
at java.base/java.util.concurrent.ThreadPoolExecutor.runWorker(ThreadPoolExecutor.java:1136)
at java.base/java.util.concurrent.ThreadPoolExecutor$Worker.run(ThreadPoolExecutor.java:635)
at java.base/java.lang.Thread.run(Thread.java:833)
... Removed 10 stack frames]]>
    </failure>
  </testcase> <!-- test1 -->
  <testcase classname="testNGTest.TestNGClass1" name="test2" time="0.011">
    <failure type="java.lang.NullPointerException" message="Cannot invoke &amp;quot;org.testng.asserts.SoftAssert.assertTrue(boolean)&amp;quot; because &amp;quot;this.soft&amp;quot; is null">
      <![CDATA[java.lang.NullPointerException: Cannot invoke "org.testng.asserts.SoftAssert.assertTrue(boolean)" because "this.soft" is null
at testNGTest.TestNGClass1.test2(TestNGClass1.java:58)
at java.base/java.util.concurrent.ThreadPoolExecutor.runWorker(ThreadPoolExecutor.java:1136)
at java.base/java.util.concurrent.ThreadPoolExecutor$Worker.run(ThreadPoolExecutor.java:635)
at java.base/java.lang.Thread.run(Thread.java:833)
... Removed 10 stack frames]]>
    </failure>
  </testcase> <!-- test2 -->
  <testcase classname="testNGTest.TestNGClass1" name="test3" time="0.0">
    <ignored/>
  </testcase> <!-- test3 -->
  <testcase classname="testNGTest.TestNGClass1" name="test4" time="0.0">
    <ignored/>
  </testcase> <!-- test4 -->
</testsuite> <!-- FirefoxTest(failed) -->
