<?xml version="1.0" encoding="UTF-8"?>
<!-- Generated by org.testng.reporters.JUnitXMLReporter -->
<testsuite ignored="1" hostname="DESKTOP-L03PUD3" failures="0" tests="7" name="Test123" time="0.18" errors="0" timestamp="2023-07-11T01:04:29 IST">
  <testcase classname="testNGTest.TestNGClass2" name="testA" time="0.016"/>
  <testcase classname="testNGTest.TestNGClass2" name="testB" time="0.003"/>
  <testcase classname="testNGTest.TestNGClass2" name="testD" time="0.004"/>
  <testcase classname="testNGTest.TestNGClass1" name="test1" time="0.003"/>
  <testcase classname="testNGTest.TestNGClass1" name="test2" time="0.001"/>
  <testcase classname="testNGTest.TestNGClass1" name="test3" time="0.004"/>
  <testcase classname="testNGTest.TestNGClass1" name="test4" time="0.003"/>
  <testcase classname="testNGTest.TestNGClass2" name="testC" time="0.0">
    <ignored/>
  </testcase> <!-- testC -->
</testsuite> <!-- Test123 -->
